<?xml version="1.0" encoding="UTF-8"?>
<!-- Generated by org.testng.reporters.JUnitReportReporter -->
<testsuite hostname="LAPTOP-7TSBCCPS" failures="0" tests="1" name="com.mystore.testcases.EndToEndTest" time="52.318" errors="0" timestamp="2022-03-10T12:28:57 IST" skipped="0">
  <testcase classname="com.mystore.testcases.EndToEndTest" name="OrderPage" time="52.318"/>
  <system-out/>
</testsuite> <!-- com.mystore.testcases.EndToEndTest -->
