<?xml version="1.0" encoding="UTF-8"?>
<!-- Generated by org.testng.reporters.JUnitReportReporter -->
<testsuite hostname="LAPTOP-7TSBCCPS" failures="0" tests="1" name="com.mystore.testcases.HomePageTest" time="12.122" errors="0" timestamp="2022-03-03T17:25:08 IST" skipped="0">
  <testcase classname="com.mystore.testcases.HomePageTest" name="wishListTest" time="12.122"/>
  <system-out/>
</testsuite> <!-- com.mystore.testcases.HomePageTest -->
