<?xml version="1.0" encoding="UTF-8"?>
<!-- Generated by org.testng.reporters.JUnitReportReporter -->
<testsuite hostname="LAPTOP-7TSBCCPS" failures="0" tests="1" name="com.mystore.testcases.AddToCartPageTest" time="39.781" errors="0" timestamp="2022-03-10T12:28:57 IST" skipped="0">
  <testcase classname="com.mystore.testcases.AddToCartPageTest" name="addToCartTest" time="39.781"/>
  <system-out/>
</testsuite> <!-- com.mystore.testcases.AddToCartPageTest -->
